<?xml version="1.0" encoding="UTF-8" ?>
<testsuite tests="8" failures="0" name="hr.fer.oprpp1.custom.collections.LinkedListIndexedCollectionTest" time="0.015" errors="0" skipped="0">
  <properties>
[...]
</properties>
  <testcase classname="hr.fer.oprpp1.custom.collections.LinkedListIndexedCollectionTest" name="hr.fer.oprpp1.custom.collections.LinkedListIndexedCollectionTest.testConstructor1" time="0.005"/>
  <testcase classname="hr.fer.oprpp1.custom.collections.LinkedListIndexedCollectionTest" name="hr.fer.oprpp1.custom.collections.LinkedListIndexedCollectionTest.testConstructor2" time="0"/>
  <testcase classname="hr.fer.oprpp1.custom.collections.LinkedListIndexedCollectionTest" name="hr.fer.oprpp1.custom.collections.LinkedListIndexedCollectionTest.testNullAdd" time="0.004"/>
  <testcase classname="hr.fer.oprpp1.custom.collections.LinkedListIndexedCollectionTest" name="hr.fer.oprpp1.custom.collections.LinkedListIndexedCollectionTest.testGetThrows" time="0.001"/>
  <testcase classname="hr.fer.oprpp1.custom.collections.LinkedListIndexedCollectionTest" name="hr.fer.oprpp1.custom.collections.LinkedListIndexedCollectionTest.testClearFunction" time="0"/>
  <testcase classname="hr.fer.oprpp1.custom.collections.LinkedListIndexedCollectionTest" name="hr.fer.oprpp1.custom.collections.LinkedListIndexedCollectionTest.testInsertThrows" time="0.002"/>
  <testcase classname="hr.fer.oprpp1.custom.collections.LinkedListIndexedCollectionTest" name="hr.fer.oprpp1.custom.collections.LinkedListIndexedCollectionTest.testIndexOfFunction" time="0.001"/>
  <testcase classname="hr.fer.oprpp1.custom.collections.LinkedListIndexedCollectionTest" name="hr.fer.oprpp1.custom.collections.LinkedListIndexedCollectionTest.testRemoveThrows" time="0.002"/>
</testsuite>